[0619/121346:INFO:(0)] WebCore is now online.
[0619/121346:INFO:(0)] Running Awesomium 1.7.5.1
[0619/121409:ERROR:ipc_channel_win.cc(360)] pipe error: 232
[0619/121410:WARNING:Awesomium.NET(0)] System.ComponentModel.InvalidAsynchronousStateException: An error occurred invoking the method.  The destination thread no longer exists.
   at System.Windows.Forms.WindowsFormsSynchronizationContext.Send(SendOrPostCallback d, Object state)
   at Awesomium.Core.WebCore.wvjjlbeQdqUVO5E6FXD(Object , Object , Object )
   at Awesomium.Core.WebCore.ioXQMTP1sf()
[0619/121446:INFO:(0)] WebCore is now online.
[0619/121446:INFO:(0)] Running Awesomium 1.7.5.1
[0619/121627:WARNING:Awesomium.NET(0)] System.ComponentModel.InvalidAsynchronousStateException: An error occurred invoking the method.  The destination thread no longer exists.
   at System.Windows.Forms.WindowsFormsSynchronizationContext.Send(SendOrPostCallback d, Object state)
   at Awesomium.Core.WebCore.wvjjlbeQdqUVO5E6FXD(Object , Object , Object )
   at Awesomium.Core.WebCore.ioXQMTP1sf()
[0619/121644:INFO:(0)] WebCore is now online.
[0619/121644:INFO:(0)] Running Awesomium 1.7.5.1
[0619/121748:WARNING:Awesomium.NET(0)] System.ComponentModel.InvalidAsynchronousStateException: An error occurred invoking the method.  The destination thread no longer exists.
   at System.Windows.Forms.WindowsFormsSynchronizationContext.Send(SendOrPostCallback d, Object state)
   at Awesomium.Core.WebCore.wvjjlbeQdqUVO5E6FXD(Object , Object , Object )
   at Awesomium.Core.WebCore.ioXQMTP1sf()
[0619/121801:INFO:(0)] WebCore is now online.
[0619/121801:INFO:(0)] Running Awesomium 1.7.5.1
[0619/122200:WARNING:Awesomium.NET(0)] System.ComponentModel.InvalidAsynchronousStateException: An error occurred invoking the method.  The destination thread no longer exists.
   at System.Windows.Forms.WindowsFormsSynchronizationContext.Send(SendOrPostCallback d, Object state)
   at Awesomium.Core.WebCore.wvjjlbeQdqUVO5E6FXD(Object , Object , Object )
   at Awesomium.Core.WebCore.ioXQMTP1sf()
[0619/125149:INFO:(0)] WebCore is now online.
[0619/125149:INFO:(0)] Running Awesomium 1.7.5.1
[0619/125232:WARNING:Awesomium.NET(0)] System.ComponentModel.InvalidAsynchronousStateException: An error occurred invoking the method.  The destination thread no longer exists.
   at System.Windows.Forms.WindowsFormsSynchronizationContext.Send(SendOrPostCallback d, Object state)
   at Awesomium.Core.WebCore.wvjjlbeQdqUVO5E6FXD(Object , Object , Object )
   at Awesomium.Core.WebCore.ioXQMTP1sf()
[0619/125717:INFO:(0)] WebCore is now online.
[0619/125717:INFO:(0)] Running Awesomium 1.7.5.1
[0619/125726:ERROR:ipc_channel_win.cc(360)] pipe error: 232
[0619/125726:WARNING:Awesomium.NET(0)] System.ComponentModel.InvalidAsynchronousStateException: An error occurred invoking the method.  The destination thread no longer exists.
   at System.Windows.Forms.WindowsFormsSynchronizationContext.Send(SendOrPostCallback d, Object state)
   at Awesomium.Core.WebCore.wvjjlbeQdqUVO5E6FXD(Object , Object , Object )
   at Awesomium.Core.WebCore.ioXQMTP1sf()
[0619/130738:INFO:(0)] WebCore is now online.
[0619/130738:INFO:(0)] Running Awesomium 1.7.5.1
[0619/130746:ERROR:ipc_channel_win.cc(360)] pipe error: 232
[0619/130746:ERROR:ipc_channel_win.cc(360)] pipe error: 232
[0619/130746:WARNING:Awesomium.NET(0)] System.ComponentModel.InvalidAsynchronousStateException: An error occurred invoking the method.  The destination thread no longer exists.
   at System.Windows.Forms.WindowsFormsSynchronizationContext.Send(SendOrPostCallback d, Object state)
   at Awesomium.Core.WebCore.wvjjlbeQdqUVO5E6FXD(Object , Object , Object )
   at Awesomium.Core.WebCore.ioXQMTP1sf()
[0619/130802:INFO:(0)] WebCore is now online.
[0619/130802:INFO:(0)] Running Awesomium 1.7.5.1
[0619/130839:INFO:(0)] WebCore is now online.
[0619/130839:INFO:(0)] Running Awesomium 1.7.5.1
[0619/130909:INFO:(0)] WebCore is now online.
[0619/130909:INFO:(0)] Running Awesomium 1.7.5.1
[0619/130935:WARNING:Awesomium.NET(0)] System.ComponentModel.InvalidAsynchronousStateException: An error occurred invoking the method.  The destination thread no longer exists.
   at System.Windows.Forms.WindowsFormsSynchronizationContext.Send(SendOrPostCallback d, Object state)
   at Awesomium.Core.WebCore.wvjjlbeQdqUVO5E6FXD(Object , Object , Object )
   at Awesomium.Core.WebCore.ioXQMTP1sf()
[0619/131111:INFO:(0)] WebCore is now online.
[0619/131111:INFO:(0)] Running Awesomium 1.7.5.1
[0619/132846:INFO:(0)] WebCore is now online.
[0619/132846:INFO:(0)] Running Awesomium 1.7.5.1
[0619/132857:WARNING:Awesomium.NET(0)] System.ComponentModel.InvalidAsynchronousStateException: An error occurred invoking the method.  The destination thread no longer exists.
   at System.Windows.Forms.WindowsFormsSynchronizationContext.Send(SendOrPostCallback d, Object state)
   at Awesomium.Core.WebCore.wvjjlbeQdqUVO5E6FXD(Object , Object , Object )
   at Awesomium.Core.WebCore.ioXQMTP1sf()
[0619/134001:INFO:(0)] WebCore is now online.
[0619/134001:INFO:(0)] Running Awesomium 1.7.5.1
[0619/134021:WARNING:Awesomium.NET(0)] System.ComponentModel.InvalidAsynchronousStateException: An error occurred invoking the method.  The destination thread no longer exists.
   at System.Windows.Forms.WindowsFormsSynchronizationContext.Send(SendOrPostCallback d, Object state)
   at Awesomium.Core.WebCore.wvjjlbeQdqUVO5E6FXD(Object , Object , Object )
   at Awesomium.Core.WebCore.ioXQMTP1sf()
